<?xml version="1.0" encoding="UTF-8"?>
<!-- Generated by org.testng.reporters.JUnitReportReporter -->
<testsuite skipped="0" hostname="LAPTOP-RKQUPA26" name="getRequest.TC01_ListAllPets" tests="1" failures="0" timestamp="11 Mar 2020 11:00:41 GMT" time="27.069" errors="0">
  <testcase name="listASpecificPet" time="27.069" classname="getRequest.TC01_ListAllPets"/>
</testsuite> <!-- getRequest.TC01_ListAllPets -->
